# JRE version: Java(TM) SE Runtime Environment (8.0_131-b11) (build 1.8.0_131-b11)
# Java VM: Java HotSpot(TM) 64-Bit Server VM (25.131-b11 mixed mode windows-amd64 compressed oops)
Heap:
 PSYoungGen      total 105984K, used 26243K [0x00000000eab00000, 0x00000000f5200000, 0x0000000100000000)
  eden space 96768K, 27% used [0x00000000eab00000,0x00000000ec4a0fa0,0x00000000f0980000)
  from space 9216K, 0% used [0x00000000f0980000,0x00000000f0980000,0x00000000f1280000)
  to   space 12288K, 0% used [0x00000000f4600000,0x00000000f4600000,0x00000000f5200000)
 ParOldGen       total 102912K, used 18875K [0x00000000c0000000, 0x00000000c6480000, 0x00000000eab00000)
  object space 102912K, 18% used [0x00000000c0000000,0x00000000c126ecf8,0x00000000c6480000)
 Metaspace       used 37111K, capacity 37582K, committed 37976K, reserved 1081344K
  class space    used 5276K, capacity 5403K, committed 5464K, reserved 1048576K
GC Heap History (10 events):
Event: 11.334 GC heap before
{Heap before GC invocations=5 (full 1):
 PSYoungGen      total 70656K, used 5088K [0x00000000eab00000, 0x00000000ef500000, 0x0000000100000000)
  eden space 65536K, 0% used [0x00000000eab00000,0x00000000eab00000,0x00000000eeb00000)
  from space 5120K, 99% used [0x00000000ef000000,0x00000000ef4f8030,0x00000000ef500000)
  to   space 5120K, 0% used [0x00000000eeb00000,0x00000000eeb00000,0x00000000ef000000)
 ParOldGen       total 86016K, used 7317K [0x00000000c0000000, 0x00000000c5400000, 0x00000000eab00000)
  object space 86016K, 8% used [0x00000000c0000000,0x00000000c0725740,0x00000000c5400000)
 Metaspace       used 20926K, capacity 21176K, committed 21248K, reserved 1067008K
  class space    used 2943K, capacity 3048K, committed 3072K, reserved 1048576K
Event: 11.476 GC heap after
Heap after GC invocations=5 (full 1):
 PSYoungGen      total 70656K, used 0K [0x00000000eab00000, 0x00000000ef500000, 0x0000000100000000)
  eden space 65536K, 0% used [0x00000000eab00000,0x00000000eab00000,0x00000000eeb00000)
  from space 5120K, 0% used [0x00000000ef000000,0x00000000ef000000,0x00000000ef500000)
  to   space 5120K, 0% used [0x00000000eeb00000,0x00000000eeb00000,0x00000000ef000000)
 ParOldGen       total 61952K, used 7906K [0x00000000c0000000, 0x00000000c3c80000, 0x00000000eab00000)
  object space 61952K, 12% used [0x00000000c0000000,0x00000000c07b8890,0x00000000c3c80000)
 Metaspace       used 20926K, capacity 21176K, committed 21248K, reserved 1067008K
  class space    used 2943K, capacity 3048K, committed 3072K, reserved 1048576K
}
Event: 16.347 GC heap before
{Heap before GC invocations=6 (full 1):
 PSYoungGen      total 70656K, used 65536K [0x00000000eab00000, 0x00000000ef500000, 0x0000000100000000)
  eden space 65536K, 100% used [0x00000000eab00000,0x00000000eeb00000,0x00000000eeb00000)
  from space 5120K, 0% used [0x00000000ef000000,0x00000000ef000000,0x00000000ef500000)
  to   space 5120K, 0% used [0x00000000eeb00000,0x00000000eeb00000,0x00000000ef000000)
 ParOldGen       total 61952K, used 7906K [0x00000000c0000000, 0x00000000c3c80000, 0x00000000eab00000)
  object space 61952K, 12% used [0x00000000c0000000,0x00000000c07b8890,0x00000000c3c80000)
 Metaspace       used 27530K, capacity 27900K, committed 28160K, reserved 1073152K
  class space    used 3887K, capacity 4028K, committed 4096K, reserved 1048576K
Event: 16.371 GC heap after
Heap after GC invocations=6 (full 1):
 PSYoungGen      total 70656K, used 5100K [0x00000000eab00000, 0x00000000f1c00000, 0x0000000100000000)
  eden space 65536K, 0% used [0x00000000eab00000,0x00000000eab00000,0x00000000eeb00000)
  from space 5120K, 99% used [0x00000000eeb00000,0x00000000eeffb128,0x00000000ef000000)
  to   space 9728K, 0% used [0x00000000f1280000,0x00000000f1280000,0x00000000f1c00000)
 ParOldGen       total 61952K, used 9413K [0x00000000c0000000, 0x00000000c3c80000, 0x00000000eab00000)
  object space 61952K, 15% used [0x00000000c0000000,0x00000000c09317f8,0x00000000c3c80000)
 Metaspace       used 27530K, capacity 27900K, committed 28160K, reserved 1073152K
  class space    used 3887K, capacity 4028K, committed 4096K, reserved 1048576K
}
Event: 18.958 GC heap before
{Heap before GC invocations=7 (full 1):
 PSYoungGen      total 70656K, used 70636K [0x00000000eab00000, 0x00000000f1c00000, 0x0000000100000000)
  eden space 65536K, 100% used [0x00000000eab00000,0x00000000eeb00000,0x00000000eeb00000)
  from space 5120K, 99% used [0x00000000eeb00000,0x00000000eeffb128,0x00000000ef000000)
  to   space 9728K, 0% used [0x00000000f1280000,0x00000000f1280000,0x00000000f1c00000)
 ParOldGen       total 61952K, used 9413K [0x00000000c0000000, 0x00000000c3c80000, 0x00000000eab00000)
  object space 61952K, 15% used [0x00000000c0000000,0x00000000c09317f8,0x00000000c3c80000)
 Metaspace       used 29744K, capacity 30218K, committed 30592K, reserved 1075200K
  class space    used 4264K, capacity 4389K, committed 4480K, reserved 1048576K
Event: 18.993 GC heap after
Heap after GC invocations=7 (full 1):
 PSYoungGen      total 106496K, used 7107K [0x00000000eab00000, 0x00000000f1c00000, 0x0000000100000000)
  eden space 96768K, 0% used [0x00000000eab00000,0x00000000eab00000,0x00000000f0980000)
  from space 9728K, 73% used [0x00000000f1280000,0x00000000f1970c30,0x00000000f1c00000)
  to   space 9216K, 0% used [0x00000000f0980000,0x00000000f0980000,0x00000000f1280000)
 ParOldGen       total 61952K, used 9421K [0x00000000c0000000, 0x00000000c3c80000, 0x00000000eab00000)
  object space 61952K, 15% used [0x00000000c0000000,0x00000000c09337f8,0x00000000c3c80000)
 Metaspace       used 29744K, capacity 30218K, committed 30592K, reserved 1075200K
  class space    used 4264K, capacity 4389K, committed 4480K, reserved 1048576K
}
Event: 23.517 GC heap before
{Heap before GC invocations=8 (full 1):
 PSYoungGen      total 106496K, used 70127K [0x00000000eab00000, 0x00000000f1c00000, 0x0000000100000000)
  eden space 96768K, 65% used [0x00000000eab00000,0x00000000ee88b090,0x00000000f0980000)
  from space 9728K, 73% used [0x00000000f1280000,0x00000000f1970c30,0x00000000f1c00000)
  to   space 9216K, 0% used [0x00000000f0980000,0x00000000f0980000,0x00000000f1280000)
 ParOldGen       total 61952K, used 9421K [0x00000000c0000000, 0x00000000c3c80000, 0x00000000eab00000)
  object space 61952K, 15% used [0x00000000c0000000,0x00000000c09337f8,0x00000000c3c80000)
 Metaspace       used 34862K, capacity 35260K, committed 35416K, reserved 1079296K
  class space    used 4992K, capacity 5144K, committed 5208K, reserved 1048576K
Event: 23.598 GC heap after
Heap after GC invocations=8 (full 1):
 PSYoungGen      total 105984K, used 9204K [0x00000000eab00000, 0x00000000f5200000, 0x0000000100000000)
  eden space 96768K, 0% used [0x00000000eab00000,0x00000000eab00000,0x00000000f0980000)
  from space 9216K, 99% used [0x00000000f0980000,0x00000000f127d030,0x00000000f1280000)
  to   space 12288K, 0% used [0x00000000f4600000,0x00000000f4600000,0x00000000f5200000)
 ParOldGen       total 61952K, used 13371K [0x00000000c0000000, 0x00000000c3c80000, 0x00000000eab00000)
  object space 61952K, 21% used [0x00000000c0000000,0x00000000c0d0ed80,0x00000000c3c80000)
 Metaspace       used 34862K, capacity 35260K, committed 35416K, reserved 1079296K
  class space    used 4992K, capacity 5144K, committed 5208K, reserved 1048576K
}
Event: 23.598 GC heap before
{Heap before GC invocations=9 (full 2):
 PSYoungGen      total 105984K, used 9204K [0x00000000eab00000, 0x00000000f5200000, 0x0000000100000000)
  eden space 96768K, 0% used [0x00000000eab00000,0x00000000eab00000,0x00000000f0980000)
  from space 9216K, 99% used [0x00000000f0980000,0x00000000f127d030,0x00000000f1280000)
  to   space 12288K, 0% used [0x00000000f4600000,0x00000000f4600000,0x00000000f5200000)
 ParOldGen       total 61952K, used 13371K [0x00000000c0000000, 0x00000000c3c80000, 0x00000000eab00000)
  object space 61952K, 21% used [0x00000000c0000000,0x00000000c0d0ed80,0x00000000c3c80000)
 Metaspace       used 34862K, capacity 35260K, committed 35416K, reserved 1079296K
  class space    used 4992K, capacity 5144K, committed 5208K, reserved 1048576K
Event: 23.921 GC heap after
Heap after GC invocations=9 (full 2):
 PSYoungGen      total 105984K, used 0K [0x00000000eab00000, 0x00000000f5200000, 0x0000000100000000)
  eden space 96768K, 0% used [0x00000000eab00000,0x00000000eab00000,0x00000000f0980000)
  from space 9216K, 0% used [0x00000000f0980000,0x00000000f0980000,0x00000000f1280000)
  to   space 12288K, 0% used [0x00000000f4600000,0x00000000f4600000,0x00000000f5200000)
 ParOldGen       total 102912K, used 18875K [0x00000000c0000000, 0x00000000c6480000, 0x00000000eab00000)
  object space 102912K, 18% used [0x00000000c0000000,0x00000000c126ecf8,0x00000000c6480000)
 Metaspace       used 34862K, capacity 35260K, committed 35416K, reserved 1079296K
  class space    used 4992K, capacity 5144K, committed 5208K, reserved 1048576K
}

